{"at":"2025-09-18T15:55:15.610Z","docId":"cb3b6a48-f491-4ac4-87dc-2cd0b762e952","action":"classify","by":"admin"}
{"at":"2025-09-18T15:55:15.623Z","docId":"92d5fbd0-c96a-449d-9220-8b7b2420f914","action":"classify","by":"admin"}
{"at":"2025-09-18T15:55:15.636Z","docId":"08f8e938-723e-450e-afcd-302410f8f05d","action":"classify","by":"admin"}
{"at":"2025-09-18T15:55:15.648Z","docId":"cdd7af69-cd9d-4adb-a793-d6d9eece6dab","action":"classify","by":"admin"}
{"at":"2025-09-18T15:55:30.115Z","docId":"31e5f109-a922-41d2-9b7a-4b1c8245604c","action":"classify","by":"admin"}
{"at":"2025-09-18T15:55:30.126Z","docId":"de43e0b7-5341-40db-a88c-aac521be590e","action":"classify","by":"admin"}
{"at":"2025-09-18T15:55:30.137Z","docId":"798f2b91-dc8d-4670-a726-efc8fa9d1e93","action":"classify","by":"admin"}
{"at":"2025-09-18T15:55:30.148Z","docId":"cb3b6a48-f491-4ac4-87dc-2cd0b762e952","action":"classify","by":"admin"}
{"at":"2025-09-18T15:55:30.160Z","docId":"92d5fbd0-c96a-449d-9220-8b7b2420f914","action":"classify","by":"admin"}
{"at":"2025-09-18T15:55:30.172Z","docId":"08f8e938-723e-450e-afcd-302410f8f05d","action":"classify","by":"admin"}
{"at":"2025-09-18T15:55:30.183Z","docId":"cdd7af69-cd9d-4adb-a793-d6d9eece6dab","action":"classify","by":"admin"}
{"at":"2025-09-18T15:55:31.872Z","docId":"31e5f109-a922-41d2-9b7a-4b1c8245604c","action":"auto_route","from":"inbox","to":"processed","by":"admin","threshold":0.7}
{"at":"2025-09-18T15:55:31.891Z","docId":"798f2b91-dc8d-4670-a726-efc8fa9d1e93","action":"auto_route","from":"inbox","to":"processed","by":"admin","threshold":0.7}
{"at":"2025-09-18T15:55:31.917Z","docId":"08f8e938-723e-450e-afcd-302410f8f05d","action":"auto_route","from":"inbox","to":"processed","by":"admin","threshold":0.7}
{"at":"2025-09-18T15:55:31.927Z","docId":"cdd7af69-cd9d-4adb-a793-d6d9eece6dab","action":"auto_route","from":"inbox","to":"processed","by":"admin","threshold":0.7}
{"at":"2025-09-18T15:55:49.764Z","docId":"cb3b6a48-f491-4ac4-87dc-2cd0b762e952","action":"corrections","by":"admin"}
{"at":"2025-09-18T15:55:54.969Z","docId":"cb3b6a48-f491-4ac4-87dc-2cd0b762e952","action":"classify","by":"admin"}
{"at":"2025-09-18T15:55:57.462Z","docId":"cb3b6a48-f491-4ac4-87dc-2cd0b762e952","action":"classify","by":"admin"}
{"at":"2025-09-18T15:55:58.438Z","docId":"cb3b6a48-f491-4ac4-87dc-2cd0b762e952","action":"classify","by":"admin"}
{"at":"2025-09-18T15:55:59.359Z","docId":"cb3b6a48-f491-4ac4-87dc-2cd0b762e952","action":"classify","by":"admin"}
{"at":"2025-09-18T15:56:00.680Z","docId":"cb3b6a48-f491-4ac4-87dc-2cd0b762e952","action":"classify","by":"admin"}
{"at":"2025-09-18T15:56:04.109Z","docId":"cb3b6a48-f491-4ac4-87dc-2cd0b762e952","action":"classify","by":"admin"}
{"at":"2025-09-18T15:56:05.294Z","docId":"cb3b6a48-f491-4ac4-87dc-2cd0b762e952","action":"classify","by":"admin"}
{"at":"2025-09-18T15:56:06.064Z","docId":"cb3b6a48-f491-4ac4-87dc-2cd0b762e952","action":"classify","by":"admin"}
{"at":"2025-09-18T15:56:09.427Z","docId":"cb3b6a48-f491-4ac4-87dc-2cd0b762e952","action":"corrections","by":"admin"}
{"at":"2025-09-18T15:56:11.355Z","docId":"cb3b6a48-f491-4ac4-87dc-2cd0b762e952","action":"classify","by":"admin"}
{"at":"2025-09-18T15:56:19.218Z","docId":"cb3b6a48-f491-4ac4-87dc-2cd0b762e952","action":"classify","by":"admin"}
{"at":"2025-09-18T15:56:20.142Z","docId":"cb3b6a48-f491-4ac4-87dc-2cd0b762e952","action":"classify","by":"admin"}
{"at":"2025-09-18T15:57:24.482Z","docId":"573a279b-0155-42e5-b699-69bd74a77743","action":"classify","by":"admin"}
{"at":"2025-09-18T15:57:24.492Z","docId":"029ec34c-8323-4e0d-bff9-4edc087db23f","action":"classify","by":"admin"}
{"at":"2025-09-18T15:57:24.502Z","docId":"f982d092-66f7-4fe6-95eb-b153321c07a2","action":"classify","by":"admin"}
{"at":"2025-09-18T15:57:24.513Z","docId":"456f06a7-cfa0-44af-a2a6-8bb214c3fba6","action":"classify","by":"admin"}
{"at":"2025-09-18T15:57:24.523Z","docId":"857ea2aa-4f75-41aa-8802-7f7b9e98ce50","action":"classify","by":"admin"}
{"at":"2025-09-18T15:57:24.534Z","docId":"f6e0dc61-6625-412e-8518-95b59e2fc78e","action":"classify","by":"admin"}
{"at":"2025-09-18T15:57:24.544Z","docId":"d3f923a5-b2ef-4f1b-b990-5df6f9062f13","action":"classify","by":"admin"}
{"at":"2025-09-18T15:57:24.554Z","docId":"686cb184-849f-4d35-9a6a-133093b96dde","action":"classify","by":"admin"}
{"at":"2025-09-18T15:57:24.564Z","docId":"9c09f864-df16-4b8c-ac42-b25b6bf33f7f","action":"classify","by":"admin"}
{"at":"2025-09-18T15:57:24.574Z","docId":"af60ab8a-a72d-4ade-9073-e299a7ee84a5","action":"classify","by":"admin"}
{"at":"2025-09-18T15:57:24.584Z","docId":"d15fc7d4-f6bc-4acd-af51-348129e21e72","action":"classify","by":"admin"}
{"at":"2025-09-18T15:57:24.594Z","docId":"a01339e8-3376-4c4c-a1d7-efbb0e78b0ba","action":"classify","by":"admin"}
{"at":"2025-09-18T15:57:24.605Z","docId":"1779020b-d5c9-4494-a21a-0fcc0f52ef40","action":"classify","by":"admin"}
{"at":"2025-09-18T15:57:33.165Z","docId":"029ec34c-8323-4e0d-bff9-4edc087db23f","action":"auto_route","from":"inbox","to":"processed","by":"admin","threshold":0.7}
{"at":"2025-09-18T15:57:38.386Z","docId":"bdfdc359-b3cd-46c3-9ff6-6fcc5a233503","action":"classify","by":"admin"}
{"at":"2025-09-18T15:57:38.400Z","docId":"296b57d3-626c-4f54-9cce-46466172a56b","action":"classify","by":"admin"}
{"at":"2025-09-18T15:57:38.411Z","docId":"573a279b-0155-42e5-b699-69bd74a77743","action":"classify","by":"admin"}
{"at":"2025-09-18T15:57:38.424Z","docId":"f982d092-66f7-4fe6-95eb-b153321c07a2","action":"classify","by":"admin"}
{"at":"2025-09-18T15:57:38.435Z","docId":"456f06a7-cfa0-44af-a2a6-8bb214c3fba6","action":"classify","by":"admin"}
{"at":"2025-09-18T15:57:38.446Z","docId":"857ea2aa-4f75-41aa-8802-7f7b9e98ce50","action":"classify","by":"admin"}
{"at":"2025-09-18T15:57:38.457Z","docId":"f6e0dc61-6625-412e-8518-95b59e2fc78e","action":"classify","by":"admin"}
{"at":"2025-09-18T15:57:38.469Z","docId":"d3f923a5-b2ef-4f1b-b990-5df6f9062f13","action":"classify","by":"admin"}
{"at":"2025-09-18T15:57:38.480Z","docId":"686cb184-849f-4d35-9a6a-133093b96dde","action":"classify","by":"admin"}
{"at":"2025-09-18T15:57:38.491Z","docId":"9c09f864-df16-4b8c-ac42-b25b6bf33f7f","action":"classify","by":"admin"}
{"at":"2025-09-18T15:57:38.502Z","docId":"af60ab8a-a72d-4ade-9073-e299a7ee84a5","action":"classify","by":"admin"}
{"at":"2025-09-18T15:57:38.514Z","docId":"d15fc7d4-f6bc-4acd-af51-348129e21e72","action":"classify","by":"admin"}
{"at":"2025-09-18T15:57:38.525Z","docId":"a01339e8-3376-4c4c-a1d7-efbb0e78b0ba","action":"classify","by":"admin"}
{"at":"2025-09-18T15:57:38.535Z","docId":"1779020b-d5c9-4494-a21a-0fcc0f52ef40","action":"classify","by":"admin"}
{"at":"2025-09-18T15:57:56.962Z","docId":"bdfdc359-b3cd-46c3-9ff6-6fcc5a233503","action":"corrections","by":"admin"}
